<?xml version="1.0" encoding="UTF-8"?>
<!-- Generated by org.testng.reporters.JUnitXMLReporter -->
<testsuite ignored="9" hostname="DESKTOP-Q8PCISB" failures="1" tests="6" name="Test" time="48.863" errors="0" timestamp="2023-08-16T03:24:28 IST">
  <testcase classname="com.sevenmart.tests.DeliveryBoyPageTest" name="verifyDeliveryBoyNameAdded" time="2.932"/>
  <testcase classname="com.sevenmart.tests.DeliveryBoyPageTest" name="verifyDeliveryBoyNameAdded" time="2.478"/>
  <testcase classname="com.sevenmart.tests.LoginTest" name="verifyAdminUserLogin" time="2.742"/>
  <testcase classname="com.sevenmart.tests.PushNotificationTest" name="pushNotificationPage" time="3.099"/>
  <testcase classname="com.sevenmart.tests.PushNotificationTest" name="pushNotificationPage" time="2.665"/>
  <testcase classname="com.sevenmart.tests.AdminUserTest" name="verifyAdminUser" time="2.865">
    <failure type="java.lang.AssertionError" message="user is not found expected [Bhagath] but found [ ]">
      <![CDATA[java.lang.AssertionError: user is not found expected [Bhagath] but found [ ]
at com.sevenmart.tests.AdminUserTest.verifyAdminUser(AdminUserTest.java:29)
at java.base/java.util.ArrayList.forEach(ArrayList.java:1511)
... Removed 32 stack frames]]>
    </failure>
  </testcase> <!-- verifyAdminUser -->
  <testcase classname="com.sevenmart.tests.AdminUserTest" name="deleteAdminUser" time="0.0">
    <ignored/>
  </testcase> <!-- deleteAdminUser -->
  <testcase classname="com.sevenmart.tests.ManageTest" name="addField_ContentPage" time="0.0">
    <ignored/>
  </testcase> <!-- addField_ContentPage -->
  <testcase classname="com.sevenmart.tests.LoginTest" name="verifyInvalidUserLogin" time="0.0">
    <ignored/>
  </testcase> <!-- verifyInvalidUserLogin -->
  <testcase classname="com.sevenmart.tests.DeliveryBoyPageTest" name="verifyDeliveryBoyGivenByUser" time="0.0">
    <ignored/>
  </testcase> <!-- verifyDeliveryBoyGivenByUser -->
  <testcase classname="com.sevenmart.tests.AdminUserTest" name="createAdminUser" time="0.0">
    <ignored/>
  </testcase> <!-- createAdminUser -->
  <testcase classname="com.sevenmart.tests.ExpenseTest" name="deleteAndVerifyExpenseCategory" time="0.0">
    <ignored/>
  </testcase> <!-- deleteAndVerifyExpenseCategory -->
  <testcase classname="com.sevenmart.tests.ExpenseTest" name="add_VerifyExpenseCategory" time="0.0">
    <ignored/>
  </testcase> <!-- add_VerifyExpenseCategory -->
  <testcase classname="com.sevenmart.tests.ExpenseTest" name="verifyExpenseCategory" time="0.0">
    <ignored/>
  </testcase> <!-- verifyExpenseCategory -->
  <testcase classname="com.sevenmart.tests.ManageTest" name="deleteAndVerifyField_ContentPage" time="0.0">
    <ignored/>
  </testcase> <!-- deleteAndVerifyField_ContentPage -->
</testsuite> <!-- Test -->
